<?xml version="1.0" encoding="UTF-8"?>
<robot generator="Robot 7.0 (Python 3.11.0 on win32)" generated="2024-05-05T17:31:28.355951" rpa="false" schemaversion="5">
<suite id="s1" name="TS 001 001 014" source="C:\Users\bucka\Documents\GitHub\Simon\SWI\4. semester\Testování software\Projekt\_projekt\TS_001\TS_001_001\TS_001_001_014.robot">
<test id="s1-t1" name="Pre-conditions" line="21">
<kw name="Open EN Incognito Chrome Webdriver" owner="keywords">
<kw name="Evaluate" owner="BuiltIn">
<msg time="2024-05-05T17:31:28.704119" level="INFO">${chrome_options} = &lt;selenium.webdriver.chrome.options.Options object at 0x000001791B7D03D0&gt;</msg>
<var>${chrome_options}</var>
<arg>sys.modules['selenium.webdriver'].ChromeOptions()</arg>
<arg>sys, selenium.webdriver</arg>
<doc>Evaluates the given expression in Python and returns the result.</doc>
<status status="PASS" start="2024-05-05T17:31:28.704119" elapsed="0.000000"/>
</kw>
<kw name="Create Dictionary" owner="BuiltIn">
<msg time="2024-05-05T17:31:28.705119" level="INFO">${prefs} = {'intl.accept_languages': 'en'}</msg>
<var>${prefs}</var>
<arg>intl.accept_languages</arg>
<arg>en</arg>
<doc>Creates and returns a dictionary based on the given ``items``.</doc>
<status status="PASS" start="2024-05-05T17:31:28.705119" elapsed="0.000000"/>
</kw>
<kw name="Call Method" owner="BuiltIn">
<arg>${chrome_options}</arg>
<arg>add_experimental_option</arg>
<arg>prefs</arg>
<arg>${prefs}</arg>
<doc>Calls the named method of the given object with the provided arguments.</doc>
<status status="PASS" start="2024-05-05T17:31:28.705119" elapsed="0.000000"/>
</kw>
<kw name="Call Method" owner="BuiltIn">
<arg>${chrome_options}</arg>
<arg>add_argument</arg>
<arg>--incognito</arg>
<doc>Calls the named method of the given object with the provided arguments.</doc>
<status status="PASS" start="2024-05-05T17:31:28.706118" elapsed="0.000000"/>
</kw>
<kw name="Create Webdriver" owner="SeleniumLibrary">
<msg time="2024-05-05T17:31:28.706118" level="INFO">Creating an instance of the Chrome WebDriver.</msg>
<arg>Chrome</arg>
<arg>options=${chrome_options}</arg>
<doc>Creates an instance of Selenium WebDriver.</doc>
<status status="PASS" start="2024-05-05T17:31:28.706118" elapsed="2.052534"/>
</kw>
<kw name="Go To" owner="SeleniumLibrary">
<msg time="2024-05-05T17:31:30.760167" level="INFO">Opening url 'https://www.krakovany.sk/?page_id=19224'</msg>
<arg>${URL}</arg>
<doc>Navigates the current browser window to the provided ``url``.</doc>
<status status="PASS" start="2024-05-05T17:31:30.759654" elapsed="4.953921"/>
</kw>
<kw name="Maximize Browser Window" owner="SeleniumLibrary">
<doc>Maximizes current browser window.</doc>
<status status="PASS" start="2024-05-05T17:31:35.714578" elapsed="0.076861"/>
</kw>
<arg>${URL_TvKrakovany}</arg>
<doc>Open Chrome browser in incognito mode with English language</doc>
<status status="PASS" start="2024-05-05T17:31:28.703107" elapsed="7.088332"/>
</kw>
<status status="PASS" start="2024-05-05T17:31:28.701919" elapsed="7.090537"/>
</test>
<test id="s1-t2" name="TC_001_001_014-001 - Kontrola interakcie videa" line="25">
<kw name="Wait Until Element Is Visible" owner="SeleniumLibrary">
<arg>${IFRAME_Video}</arg>
<arg>10s</arg>
<doc>Waits until the element ``locator`` is visible.</doc>
<status status="PASS" start="2024-05-05T17:31:35.795458" elapsed="0.107442"/>
</kw>
<kw name="Scroll Element Into View" owner="SeleniumLibrary">
<arg>${IFRAME_Video}</arg>
<doc>Scrolls the element identified by ``locator`` into view.</doc>
<status status="PASS" start="2024-05-05T17:31:35.903904" elapsed="0.305294"/>
</kw>
<kw name="Element Attribute Value Should Be" owner="SeleniumLibrary">
<msg time="2024-05-05T17:31:36.303809" level="INFO">Element '//*[@id="page-content"]/div/div/div/div[2]/iframe' attribute 'src' contains value 'https://www.youtube.com/embed/Pv9qX_wfMS0'.</msg>
<arg>${IFRAME_Video}</arg>
<arg>src</arg>
<arg>https://www.youtube.com/embed/Pv9qX_wfMS0</arg>
<doc>Verifies element identified by ``locator`` contains expected attribute value.</doc>
<status status="PASS" start="2024-05-05T17:31:36.211144" elapsed="0.092665"/>
</kw>
<kw name="Select Frame" owner="SeleniumLibrary">
<msg time="2024-05-05T17:31:36.306819" level="INFO">Selecting frame '//*[@id="page-content"]/div/div/div/div[2]/iframe'.</msg>
<arg>${IFRAME_Video}</arg>
<doc>Sets frame identified by ``locator`` as the current frame.</doc>
<status status="PASS" start="2024-05-05T17:31:36.305803" elapsed="0.076385"/>
</kw>
<kw name="Button interaction" owner="keywords">
<kw name="Wait Until Element Is Visible" owner="SeleniumLibrary">
<arg>${BUTTON}</arg>
<arg>15 seconds</arg>
<doc>Waits until the element ``locator`` is visible.</doc>
<status status="PASS" start="2024-05-05T17:31:36.383194" elapsed="0.032353"/>
</kw>
<kw name="Set Selenium Speed" owner="SeleniumLibrary">
<arg>0.2</arg>
<doc>Sets the delay that is waited after each Selenium command.</doc>
<status status="PASS" start="2024-05-05T17:31:36.415547" elapsed="0.000000"/>
</kw>
<kw name="Click Element" owner="SeleniumLibrary">
<msg time="2024-05-05T17:31:36.416545" level="INFO">Clicking element '//*[@id="movie_player"]/div[4]/button'.</msg>
<arg>${BUTTON}</arg>
<doc>Click the element identified by ``locator``.</doc>
<status status="PASS" start="2024-05-05T17:31:36.415547" elapsed="0.898305"/>
</kw>
<kw name="Set Selenium Speed" owner="SeleniumLibrary">
<arg>0</arg>
<doc>Sets the delay that is waited after each Selenium command.</doc>
<status status="PASS" start="2024-05-05T17:31:37.314884" elapsed="0.001014"/>
</kw>
<arg>${BUTTON_Video_PlayBig}</arg>
<status status="PASS" start="2024-05-05T17:31:36.383194" elapsed="0.933704"/>
</kw>
<status status="PASS" start="2024-05-05T17:31:35.793456" elapsed="1.526107"/>
</test>
<test id="s1-t3" name="TC_001_001_014-002 - Kontrola tlačítka `Play`" line="33">
<kw name="Button interaction" owner="keywords">
<kw name="Wait Until Element Is Visible" owner="SeleniumLibrary">
<arg>${BUTTON}</arg>
<arg>15 seconds</arg>
<doc>Waits until the element ``locator`` is visible.</doc>
<status status="PASS" start="2024-05-05T17:31:37.329466" elapsed="0.330379"/>
</kw>
<kw name="Set Selenium Speed" owner="SeleniumLibrary">
<arg>0.2</arg>
<doc>Sets the delay that is waited after each Selenium command.</doc>
<status status="PASS" start="2024-05-05T17:31:37.660862" elapsed="0.000000"/>
</kw>
<kw name="Click Element" owner="SeleniumLibrary">
<msg time="2024-05-05T17:31:37.661861" level="INFO">Clicking element '//*[@id="movie_player"]/div[27]/div[2]/div[1]/button'.</msg>
<arg>${BUTTON}</arg>
<doc>Click the element identified by ``locator``.</doc>
<status status="PASS" start="2024-05-05T17:31:37.660862" elapsed="0.540582"/>
</kw>
<kw name="Set Selenium Speed" owner="SeleniumLibrary">
<arg>0</arg>
<doc>Sets the delay that is waited after each Selenium command.</doc>
<status status="PASS" start="2024-05-05T17:31:38.201444" elapsed="0.000000"/>
</kw>
<arg>${BUTTON_Video_Play}</arg>
<status status="PASS" start="2024-05-05T17:31:37.325453" elapsed="0.877190"/>
</kw>
<kw name="Element Attribute Value Should Be" owner="SeleniumLibrary">
<msg time="2024-05-05T17:31:38.230380" level="INFO">Element '//*[@id="movie_player"]/div[27]/div[2]/div[1]/button' attribute 'data-title-no-tooltip' contains value 'Play'.</msg>
<arg>${BUTTON_Video_Play}</arg>
<arg>${VALUE_AttributeDTNT}</arg>
<arg>${VALUE_Play}</arg>
<doc>Verifies element identified by ``locator`` contains expected attribute value.</doc>
<status status="PASS" start="2024-05-05T17:31:38.203653" elapsed="0.026727"/>
</kw>
<kw name="Button interaction" owner="keywords">
<kw name="Wait Until Element Is Visible" owner="SeleniumLibrary">
<arg>${BUTTON}</arg>
<arg>15 seconds</arg>
<doc>Waits until the element ``locator`` is visible.</doc>
<status status="PASS" start="2024-05-05T17:31:38.231380" elapsed="0.030419"/>
</kw>
<kw name="Set Selenium Speed" owner="SeleniumLibrary">
<arg>0.2</arg>
<doc>Sets the delay that is waited after each Selenium command.</doc>
<status status="PASS" start="2024-05-05T17:31:38.261799" elapsed="0.001027"/>
</kw>
<kw name="Click Element" owner="SeleniumLibrary">
<msg time="2024-05-05T17:31:38.262826" level="INFO">Clicking element '//*[@id="movie_player"]/div[27]/div[2]/div[1]/button'.</msg>
<arg>${BUTTON}</arg>
<doc>Click the element identified by ``locator``.</doc>
<status status="PASS" start="2024-05-05T17:31:38.262826" elapsed="0.597935"/>
</kw>
<kw name="Set Selenium Speed" owner="SeleniumLibrary">
<arg>0</arg>
<doc>Sets the delay that is waited after each Selenium command.</doc>
<status status="PASS" start="2024-05-05T17:31:38.861784" elapsed="0.000000"/>
</kw>
<arg>${BUTTON_Video_Play}</arg>
<status status="PASS" start="2024-05-05T17:31:38.231380" elapsed="0.631430"/>
</kw>
<kw name="Element Attribute Value Should Be" owner="SeleniumLibrary">
<msg time="2024-05-05T17:31:38.935393" level="INFO">Element '//*[@id="movie_player"]/div[27]/div[2]/div[1]/button' attribute 'data-title-no-tooltip' contains value 'Pause'.</msg>
<arg>${BUTTON_Video_Play}</arg>
<arg>${VALUE_AttributeDTNT}</arg>
<arg>${VALUE_Pause}</arg>
<doc>Verifies element identified by ``locator`` contains expected attribute value.</doc>
<status status="PASS" start="2024-05-05T17:31:38.863809" elapsed="0.071584"/>
</kw>
<status status="PASS" start="2024-05-05T17:31:37.323460" elapsed="1.612547"/>
</test>
<test id="s1-t4" name="TC_001_001_014-003 - Kontrola funkcie posunutia vpred o 5 sekúnd" line="40">
<kw name="Button interaction" owner="keywords">
<kw name="Wait Until Element Is Visible" owner="SeleniumLibrary">
<arg>${BUTTON}</arg>
<arg>15 seconds</arg>
<doc>Waits until the element ``locator`` is visible.</doc>
<status status="PASS" start="2024-05-05T17:31:38.939386" elapsed="0.031719"/>
</kw>
<kw name="Set Selenium Speed" owner="SeleniumLibrary">
<arg>0.2</arg>
<doc>Sets the delay that is waited after each Selenium command.</doc>
<status status="PASS" start="2024-05-05T17:31:38.971611" elapsed="0.000000"/>
</kw>
<kw name="Click Element" owner="SeleniumLibrary">
<msg time="2024-05-05T17:31:38.972305" level="INFO">Clicking element '//*[@id="movie_player"]/div[27]/div[2]/div[1]/button'.</msg>
<arg>${BUTTON}</arg>
<doc>Click the element identified by ``locator``.</doc>
<status status="PASS" start="2024-05-05T17:31:38.971611" elapsed="0.826679"/>
</kw>
<kw name="Set Selenium Speed" owner="SeleniumLibrary">
<arg>0</arg>
<doc>Sets the delay that is waited after each Selenium command.</doc>
<status status="PASS" start="2024-05-05T17:31:39.799851" elapsed="0.001029"/>
</kw>
<arg>${BUTTON_Video_Play}</arg>
<status status="PASS" start="2024-05-05T17:31:38.938869" elapsed="0.863011"/>
</kw>
<kw name="Button interaction" owner="keywords">
<kw name="Wait Until Element Is Visible" owner="SeleniumLibrary">
<arg>${BUTTON}</arg>
<arg>15 seconds</arg>
<doc>Waits until the element ``locator`` is visible.</doc>
<status status="PASS" start="2024-05-05T17:31:39.808419" elapsed="0.124705"/>
</kw>
<kw name="Set Selenium Speed" owner="SeleniumLibrary">
<arg>0.2</arg>
<doc>Sets the delay that is waited after each Selenium command.</doc>
<status status="PASS" start="2024-05-05T17:31:39.933124" elapsed="0.001001"/>
</kw>
<kw name="Click Element" owner="SeleniumLibrary">
<msg time="2024-05-05T17:31:39.934125" level="INFO">Clicking element '//*[@id="movie_player"]/div[18]/div/button[1]'.</msg>
<arg>${BUTTON}</arg>
<doc>Click the element identified by ``locator``.</doc>
<status status="PASS" start="2024-05-05T17:31:39.934125" elapsed="0.428889"/>
</kw>
<kw name="Set Selenium Speed" owner="SeleniumLibrary">
<arg>0</arg>
<doc>Sets the delay that is waited after each Selenium command.</doc>
<status status="PASS" start="2024-05-05T17:31:40.363014" elapsed="0.001016"/>
</kw>
<arg>${BUTTON_Video_ClosePopUp}</arg>
<status status="PASS" start="2024-05-05T17:31:39.804393" elapsed="0.559637"/>
</kw>
<kw name="Get time from span YT video" owner="keywords">
<kw name="Get Text" owner="SeleniumLibrary">
<msg time="2024-05-05T17:31:40.369542" level="FAIL">NoSuchWindowException: Message: no such window: target window already closed
from unknown error: web view not found
  (Session info: chrome=124.0.6367.119)
Stacktrace:
	GetHandleVerifier [0x00007FF738D41522+60802]
	(No symbol) [0x00007FF738CBAC22]
	(No symbol) [0x00007FF738B77CE4]
	(No symbol) [0x00007FF738B4DFDF]
	(No symbol) [0x00007FF738BF1E57]
	(No symbol) [0x00007FF738C098D1]
	(No symbol) [0x00007FF738BEA923]
	(No symbol) [0x00007FF738BB8FEC]
	(No symbol) [0x00007FF738BB9C21]
	GetHandleVerifier [0x00007FF73904413D+3217821]
	GetHandleVerifier [0x00007FF7390860D7+3488055]
	GetHandleVerifier [0x00007FF73907F05F+3459263]
	GetHandleVerifier [0x00007FF738DFB866+823494]
	(No symbol) [0x00007FF738CC5FBF]
	(No symbol) [0x00007FF738CC0EE4]
	(No symbol) [0x00007FF738CC1072]
	(No symbol) [0x00007FF738CB18C4]
	BaseThreadInitThunk [0x00007FFB61DB257D+29]
	RtlUserThreadStart [0x00007FFB63D2AA48+40]
</msg>
<var>${time}</var>
<arg>${SPAN}</arg>
<doc>Returns the text value of the element identified by ``locator``.</doc>
<status status="FAIL" start="2024-05-05T17:31:40.366033" elapsed="0.010528">NoSuchWindowException: Message: no such window: target window already closed
from unknown error: web view not found
  (Session info: chrome=124.0.6367.119)
Stacktrace:
	GetHandleVerifier [0x00007FF738D41522+60802]
	(No symbol) [0x00007FF738CBAC22]
	(No symbol) [0x00007FF738B77CE4]
	(No symbol) [0x00007FF738B4DFDF]
	(No symbol) [0x00007FF738BF1E57]
	(No symbol) [0x00007FF738C098D1]
	(No symbol) [0x00007FF738BEA923]
	(No symbol) [0x00007FF738BB8FEC]
	(No symbol) [0x00007FF738BB9C21]
	GetHandleVerifier [0x00007FF73904413D+3217821]
	GetHandleVerifier [0x00007FF7390860D7+3488055]
	GetHandleVerifier [0x00007FF73907F05F+3459263]
	GetHandleVerifier [0x00007FF738DFB866+823494]
	(No symbol) [0x00007FF738CC5FBF]
	(No symbol) [0x00007FF738CC0EE4]
	(No symbol) [0x00007FF738CC1072]
	(No symbol) [0x00007FF738CB18C4]
	BaseThreadInitThunk [0x00007FFB61DB257D+29]
	RtlUserThreadStart [0x00007FFB63D2AA48+40]
</status>
</kw>
<kw name="Get Last Two Characters" owner="keywords">
<var>${time}</var>
<arg>${time}</arg>
<doc>Get last two characters from string</doc>
<status status="NOT RUN" start="2024-05-05T17:31:40.377562" elapsed="0.000000"/>
</kw>
<kw name="Convert To Integer" owner="BuiltIn">
<var>${time}</var>
<arg>${time}</arg>
<doc>Converts the given item to an integer number.</doc>
<status status="NOT RUN" start="2024-05-05T17:31:40.377562" elapsed="0.000000"/>
</kw>
<kw name="Log" owner="BuiltIn">
<arg>${time}</arg>
<doc>Logs the given message with the given level.</doc>
<status status="NOT RUN" start="2024-05-05T17:31:40.377562" elapsed="0.000000"/>
</kw>
<return>
<value>${time}</value>
<status status="NOT RUN" start="2024-05-05T17:31:40.377562" elapsed="0.000000"/>
</return>
<var>${time_before}</var>
<arg>${SPAN_TimeCurrent}</arg>
<doc>Get time from span element</doc>
<status status="FAIL" start="2024-05-05T17:31:40.365037" elapsed="0.014035">NoSuchWindowException: Message: no such window: target window already closed
from unknown error: web view not found
  (Session info: chrome=124.0.6367.119)
Stacktrace:
	GetHandleVerifier [0x00007FF738D41522+60802]
	(No symbol) [0x00007FF738CBAC22]
	(No symbol) [0x00007FF738B77CE4]
	(No symbol) [0x00007FF738B4DFDF]
	(No symbol) [0x00007FF738BF1E57]
	(No symbol) [0x00007FF738C098D1]
	(No symbol) [0x00007FF738BEA923]
	(No symbol) [0x00007FF738BB8FEC]
	(No symbol) [0x00007FF738BB9C21]
	GetHandleVerifier [0x00007FF73904413D+3217821]
	GetHandleVerifier [0x00007FF7390860D7+3488055]
	GetHandleVerifier [0x00007FF73907F05F+3459263]
	GetHandleVerifier [0x00007FF738DFB866+823494]
	(No symbol) [0x00007FF738CC5FBF]
	(No symbol) [0x00007FF738CC0EE4]
	(No symbol) [0x00007FF738CC1072]
	(No symbol) [0x00007FF738CB18C4]
	BaseThreadInitThunk [0x00007FFB61DB257D+29]
	RtlUserThreadStart [0x00007FFB63D2AA48+40]
</status>
</kw>
<kw name="Press Keys" owner="SeleniumLibrary">
<arg>${VIDEO_TvKrakovany}</arg>
<arg>${KEY_Right}</arg>
<doc>Simulates the user pressing key(s) to an element or on the active browser.</doc>
<status status="NOT RUN" start="2024-05-05T17:31:40.379243" elapsed="0.000000"/>
</kw>
<kw name="Get time from span YT video" owner="keywords">
<var>${time_after}</var>
<arg>${SPAN_TimeCurrent}</arg>
<doc>Get time from span element</doc>
<status status="NOT RUN" start="2024-05-05T17:31:40.380080" elapsed="0.000000"/>
</kw>
<kw name="Subtract" owner="keywords">
<var>${time_diff}</var>
<arg>${time_after}</arg>
<arg>${time_before}</arg>
<doc>Subtract two values</doc>
<status status="NOT RUN" start="2024-05-05T17:31:40.381080" elapsed="0.000000"/>
</kw>
<kw name="Log" owner="BuiltIn">
<arg>${time_diff}</arg>
<doc>Logs the given message with the given level.</doc>
<status status="NOT RUN" start="2024-05-05T17:31:40.382081" elapsed="0.000000"/>
</kw>
<kw name="Should Be Equal As Numbers" owner="BuiltIn">
<arg>${time_diff}</arg>
<arg>5</arg>
<doc>Fails if objects are unequal after converting them to real numbers.</doc>
<status status="NOT RUN" start="2024-05-05T17:31:40.383092" elapsed="0.001003"/>
</kw>
<status status="FAIL" start="2024-05-05T17:31:38.938302" elapsed="1.445793">NoSuchWindowException: Message: no such window: target window already closed
from unknown error: web view not found
  (Session info: chrome=124.0.6367.119)
Stacktrace:
	GetHandleVerifier [0x00007FF738D41522+60802]
	(No symbol) [0x00007FF738CBAC22]
	(No symbol) [0x00007FF738B77CE4]
	(No symbol) [0x00007FF738B4DFDF]
	(No symbol) [0x00007FF738BF1E57]
	(No symbol) [0x00007FF738C098D1]
	(No symbol) [0x00007FF738BEA923]
	(No symbol) [0x00007FF738BB8FEC]
	(No symbol) [0x00007FF738BB9C21]
	GetHandleVerifier [0x00007FF73904413D+3217821]
	GetHandleVerifier [0x00007FF7390860D7+3488055]
	GetHandleVerifier [0x00007FF73907F05F+3459263]
	GetHandleVerifier [0x00007FF738DFB866+823494]
	(No symbol) [0x00007FF738CC5FBF]
	(No symbol) [0x00007FF738CC0EE4]
	(No symbol) [0x00007FF738CC1072]
	(No symbol) [0x00007FF738CB18C4]
	BaseThreadInitThunk [0x00007FFB61DB257D+29]
	RtlUserThreadStart [0x00007FFB63D2AA48+40]
</status>
</test>
<test id="s1-t5" name="TC_001_001_014-004 - Kontrola funkcie posunutia vzad o 5 sekúnd" line="51">
<kw name="Button interaction" owner="keywords">
<kw name="Wait Until Element Is Visible" owner="SeleniumLibrary">
<msg time="2024-05-05T17:31:40.396127" level="FAIL">NoSuchWindowException: Message: no such window: target window already closed
from unknown error: web view not found
  (Session info: chrome=124.0.6367.119)
Stacktrace:
	GetHandleVerifier [0x00007FF738D41522+60802]
	(No symbol) [0x00007FF738CBAC22]
	(No symbol) [0x00007FF738B77CE4]
	(No symbol) [0x00007FF738B4DFDF]
	(No symbol) [0x00007FF738BF1E57]
	(No symbol) [0x00007FF738C098D1]
	(No symbol) [0x00007FF738BEA923]
	(No symbol) [0x00007FF738BB8FEC]
	(No symbol) [0x00007FF738BB9C21]
	GetHandleVerifier [0x00007FF73904413D+3217821]
	GetHandleVerifier [0x00007FF7390860D7+3488055]
	GetHandleVerifier [0x00007FF73907F05F+3459263]
	GetHandleVerifier [0x00007FF738DFB866+823494]
	(No symbol) [0x00007FF738CC5FBF]
	(No symbol) [0x00007FF738CC0EE4]
	(No symbol) [0x00007FF738CC1072]
	(No symbol) [0x00007FF738CB18C4]
	BaseThreadInitThunk [0x00007FFB61DB257D+29]
	RtlUserThreadStart [0x00007FFB63D2AA48+40]
</msg>
<arg>${BUTTON}</arg>
<arg>15 seconds</arg>
<doc>Waits until the element ``locator`` is visible.</doc>
<status status="FAIL" start="2024-05-05T17:31:40.392609" elapsed="0.007028">NoSuchWindowException: Message: no such window: target window already closed
from unknown error: web view not found
  (Session info: chrome=124.0.6367.119)
Stacktrace:
	GetHandleVerifier [0x00007FF738D41522+60802]
	(No symbol) [0x00007FF738CBAC22]
	(No symbol) [0x00007FF738B77CE4]
	(No symbol) [0x00007FF738B4DFDF]
	(No symbol) [0x00007FF738BF1E57]
	(No symbol) [0x00007FF738C098D1]
	(No symbol) [0x00007FF738BEA923]
	(No symbol) [0x00007FF738BB8FEC]
	(No symbol) [0x00007FF738BB9C21]
	GetHandleVerifier [0x00007FF73904413D+3217821]
	GetHandleVerifier [0x00007FF7390860D7+3488055]
	GetHandleVerifier [0x00007FF73907F05F+3459263]
	GetHandleVerifier [0x00007FF738DFB866+823494]
	(No symbol) [0x00007FF738CC5FBF]
	(No symbol) [0x00007FF738CC0EE4]
	(No symbol) [0x00007FF738CC1072]
	(No symbol) [0x00007FF738CB18C4]
	BaseThreadInitThunk [0x00007FFB61DB257D+29]
	RtlUserThreadStart [0x00007FFB63D2AA48+40]
</status>
</kw>
<kw name="Set Selenium Speed" owner="SeleniumLibrary">
<arg>0.2</arg>
<doc>Sets the delay that is waited after each Selenium command.</doc>
<status status="NOT RUN" start="2024-05-05T17:31:40.400651" elapsed="0.000000"/>
</kw>
<kw name="Click Element" owner="SeleniumLibrary">
<arg>${BUTTON}</arg>
<doc>Click the element identified by ``locator``.</doc>
<status status="NOT RUN" start="2024-05-05T17:31:40.400651" elapsed="0.000000"/>
</kw>
<kw name="Set Selenium Speed" owner="SeleniumLibrary">
<arg>0</arg>
<doc>Sets the delay that is waited after each Selenium command.</doc>
<status status="NOT RUN" start="2024-05-05T17:31:40.401652" elapsed="0.000000"/>
</kw>
<arg>${BUTTON_Video_Play}</arg>
<status status="FAIL" start="2024-05-05T17:31:40.391609" elapsed="0.010043">NoSuchWindowException: Message: no such window: target window already closed
from unknown error: web view not found
  (Session info: chrome=124.0.6367.119)
Stacktrace:
	GetHandleVerifier [0x00007FF738D41522+60802]
	(No symbol) [0x00007FF738CBAC22]
	(No symbol) [0x00007FF738B77CE4]
	(No symbol) [0x00007FF738B4DFDF]
	(No symbol) [0x00007FF738BF1E57]
	(No symbol) [0x00007FF738C098D1]
	(No symbol) [0x00007FF738BEA923]
	(No symbol) [0x00007FF738BB8FEC]
	(No symbol) [0x00007FF738BB9C21]
	GetHandleVerifier [0x00007FF73904413D+3217821]
	GetHandleVerifier [0x00007FF7390860D7+3488055]
	GetHandleVerifier [0x00007FF73907F05F+3459263]
	GetHandleVerifier [0x00007FF738DFB866+823494]
	(No symbol) [0x00007FF738CC5FBF]
	(No symbol) [0x00007FF738CC0EE4]
	(No symbol) [0x00007FF738CC1072]
	(No symbol) [0x00007FF738CB18C4]
	BaseThreadInitThunk [0x00007FFB61DB257D+29]
	RtlUserThreadStart [0x00007FFB63D2AA48+40]
</status>
</kw>
<kw name="Get time from span YT video" owner="keywords">
<var>${time_before}</var>
<arg>${SPAN_TimeCurrent}</arg>
<doc>Get time from span element</doc>
<status status="NOT RUN" start="2024-05-05T17:31:40.402664" elapsed="0.000000"/>
</kw>
<kw name="Press Keys" owner="SeleniumLibrary">
<arg>${VIDEO_TvKrakovany}</arg>
<arg>${KEY_Left}</arg>
<doc>Simulates the user pressing key(s) to an element or on the active browser.</doc>
<status status="NOT RUN" start="2024-05-05T17:31:40.403661" elapsed="0.000000"/>
</kw>
<kw name="Get time from span YT video" owner="keywords">
<var>${time_after}</var>
<arg>${SPAN_TimeCurrent}</arg>
<doc>Get time from span element</doc>
<status status="NOT RUN" start="2024-05-05T17:31:40.404661" elapsed="0.000000"/>
</kw>
<kw name="Subtract" owner="keywords">
<var>${time_diff}</var>
<arg>${time_before}</arg>
<arg>${time_after}</arg>
<doc>Subtract two values</doc>
<status status="NOT RUN" start="2024-05-05T17:31:40.405662" elapsed="0.000000"/>
</kw>
<kw name="Log" owner="BuiltIn">
<arg>${time_diff}</arg>
<doc>Logs the given message with the given level.</doc>
<status status="NOT RUN" start="2024-05-05T17:31:40.406671" elapsed="0.000000"/>
</kw>
<kw name="Should Be Equal As Numbers" owner="BuiltIn">
<arg>${time_diff}</arg>
<arg>5</arg>
<doc>Fails if objects are unequal after converting them to real numbers.</doc>
<status status="NOT RUN" start="2024-05-05T17:31:40.407664" elapsed="0.000000"/>
</kw>
<status status="FAIL" start="2024-05-05T17:31:40.390609" elapsed="0.017055">NoSuchWindowException: Message: no such window: target window already closed
from unknown error: web view not found
  (Session info: chrome=124.0.6367.119)
Stacktrace:
	GetHandleVerifier [0x00007FF738D41522+60802]
	(No symbol) [0x00007FF738CBAC22]
	(No symbol) [0x00007FF738B77CE4]
	(No symbol) [0x00007FF738B4DFDF]
	(No symbol) [0x00007FF738BF1E57]
	(No symbol) [0x00007FF738C098D1]
	(No symbol) [0x00007FF738BEA923]
	(No symbol) [0x00007FF738BB8FEC]
	(No symbol) [0x00007FF738BB9C21]
	GetHandleVerifier [0x00007FF73904413D+3217821]
	GetHandleVerifier [0x00007FF7390860D7+3488055]
	GetHandleVerifier [0x00007FF73907F05F+3459263]
	GetHandleVerifier [0x00007FF738DFB866+823494]
	(No symbol) [0x00007FF738CC5FBF]
	(No symbol) [0x00007FF738CC0EE4]
	(No symbol) [0x00007FF738CC1072]
	(No symbol) [0x00007FF738CB18C4]
	BaseThreadInitThunk [0x00007FFB61DB257D+29]
	RtlUserThreadStart [0x00007FFB63D2AA48+40]
</status>
</test>
<test id="s1-t6" name="TC_001_001_014-005 - Kontrola tlačítka `Mute`" line="61">
<kw name="Button interaction" owner="keywords">
<kw name="Wait Until Element Is Visible" owner="SeleniumLibrary">
<msg time="2024-05-05T17:31:40.423754" level="FAIL">NoSuchWindowException: Message: no such window: target window already closed
from unknown error: web view not found
  (Session info: chrome=124.0.6367.119)
Stacktrace:
	GetHandleVerifier [0x00007FF738D41522+60802]
	(No symbol) [0x00007FF738CBAC22]
	(No symbol) [0x00007FF738B77CE4]
	(No symbol) [0x00007FF738B4DFDF]
	(No symbol) [0x00007FF738BF1E57]
	(No symbol) [0x00007FF738C098D1]
	(No symbol) [0x00007FF738BEA923]
	(No symbol) [0x00007FF738BB8FEC]
	(No symbol) [0x00007FF738BB9C21]
	GetHandleVerifier [0x00007FF73904413D+3217821]
	GetHandleVerifier [0x00007FF7390860D7+3488055]
	GetHandleVerifier [0x00007FF73907F05F+3459263]
	GetHandleVerifier [0x00007FF738DFB866+823494]
	(No symbol) [0x00007FF738CC5FBF]
	(No symbol) [0x00007FF738CC0EE4]
	(No symbol) [0x00007FF738CC1072]
	(No symbol) [0x00007FF738CB18C4]
	BaseThreadInitThunk [0x00007FFB61DB257D+29]
	RtlUserThreadStart [0x00007FFB63D2AA48+40]
</msg>
<arg>${BUTTON}</arg>
<arg>15 seconds</arg>
<doc>Waits until the element ``locator`` is visible.</doc>
<status status="FAIL" start="2024-05-05T17:31:40.420741" elapsed="0.006014">NoSuchWindowException: Message: no such window: target window already closed
from unknown error: web view not found
  (Session info: chrome=124.0.6367.119)
Stacktrace:
	GetHandleVerifier [0x00007FF738D41522+60802]
	(No symbol) [0x00007FF738CBAC22]
	(No symbol) [0x00007FF738B77CE4]
	(No symbol) [0x00007FF738B4DFDF]
	(No symbol) [0x00007FF738BF1E57]
	(No symbol) [0x00007FF738C098D1]
	(No symbol) [0x00007FF738BEA923]
	(No symbol) [0x00007FF738BB8FEC]
	(No symbol) [0x00007FF738BB9C21]
	GetHandleVerifier [0x00007FF73904413D+3217821]
	GetHandleVerifier [0x00007FF7390860D7+3488055]
	GetHandleVerifier [0x00007FF73907F05F+3459263]
	GetHandleVerifier [0x00007FF738DFB866+823494]
	(No symbol) [0x00007FF738CC5FBF]
	(No symbol) [0x00007FF738CC0EE4]
	(No symbol) [0x00007FF738CC1072]
	(No symbol) [0x00007FF738CB18C4]
	BaseThreadInitThunk [0x00007FFB61DB257D+29]
	RtlUserThreadStart [0x00007FFB63D2AA48+40]
</status>
</kw>
<kw name="Set Selenium Speed" owner="SeleniumLibrary">
<arg>0.2</arg>
<doc>Sets the delay that is waited after each Selenium command.</doc>
<status status="NOT RUN" start="2024-05-05T17:31:40.427751" elapsed="0.000000"/>
</kw>
<kw name="Click Element" owner="SeleniumLibrary">
<arg>${BUTTON}</arg>
<doc>Click the element identified by ``locator``.</doc>
<status status="NOT RUN" start="2024-05-05T17:31:40.427751" elapsed="0.000000"/>
</kw>
<kw name="Set Selenium Speed" owner="SeleniumLibrary">
<arg>0</arg>
<doc>Sets the delay that is waited after each Selenium command.</doc>
<status status="NOT RUN" start="2024-05-05T17:31:40.427751" elapsed="0.000000"/>
</kw>
<arg>${BUTTON_Video_Mute}</arg>
<status status="FAIL" start="2024-05-05T17:31:40.419729" elapsed="0.009531">NoSuchWindowException: Message: no such window: target window already closed
from unknown error: web view not found
  (Session info: chrome=124.0.6367.119)
Stacktrace:
	GetHandleVerifier [0x00007FF738D41522+60802]
	(No symbol) [0x00007FF738CBAC22]
	(No symbol) [0x00007FF738B77CE4]
	(No symbol) [0x00007FF738B4DFDF]
	(No symbol) [0x00007FF738BF1E57]
	(No symbol) [0x00007FF738C098D1]
	(No symbol) [0x00007FF738BEA923]
	(No symbol) [0x00007FF738BB8FEC]
	(No symbol) [0x00007FF738BB9C21]
	GetHandleVerifier [0x00007FF73904413D+3217821]
	GetHandleVerifier [0x00007FF7390860D7+3488055]
	GetHandleVerifier [0x00007FF73907F05F+3459263]
	GetHandleVerifier [0x00007FF738DFB866+823494]
	(No symbol) [0x00007FF738CC5FBF]
	(No symbol) [0x00007FF738CC0EE4]
	(No symbol) [0x00007FF738CC1072]
	(No symbol) [0x00007FF738CB18C4]
	BaseThreadInitThunk [0x00007FFB61DB257D+29]
	RtlUserThreadStart [0x00007FFB63D2AA48+40]
</status>
</kw>
<kw name="Element Attribute Value Should Be" owner="SeleniumLibrary">
<arg>${BUTTON_Video_Mute}</arg>
<arg>${VALUE_AttributeDTNT}</arg>
<arg>${VALUE_Unmute}</arg>
<doc>Verifies element identified by ``locator`` contains expected attribute value.</doc>
<status status="NOT RUN" start="2024-05-05T17:31:40.430276" elapsed="0.000000"/>
</kw>
<kw name="Button interaction" owner="keywords">
<arg>${BUTTON_Video_Mute}</arg>
<status status="NOT RUN" start="2024-05-05T17:31:40.430276" elapsed="0.000000"/>
</kw>
<kw name="Element Attribute Value Should Be" owner="SeleniumLibrary">
<arg>${BUTTON_Video_Mute}</arg>
<arg>${VALUE_AttributeDTNT}</arg>
<arg>${VALUE_Mute}</arg>
<doc>Verifies element identified by ``locator`` contains expected attribute value.</doc>
<status status="NOT RUN" start="2024-05-05T17:31:40.432278" elapsed="0.000000"/>
</kw>
<status status="FAIL" start="2024-05-05T17:31:40.416192" elapsed="0.017101">NoSuchWindowException: Message: no such window: target window already closed
from unknown error: web view not found
  (Session info: chrome=124.0.6367.119)
Stacktrace:
	GetHandleVerifier [0x00007FF738D41522+60802]
	(No symbol) [0x00007FF738CBAC22]
	(No symbol) [0x00007FF738B77CE4]
	(No symbol) [0x00007FF738B4DFDF]
	(No symbol) [0x00007FF738BF1E57]
	(No symbol) [0x00007FF738C098D1]
	(No symbol) [0x00007FF738BEA923]
	(No symbol) [0x00007FF738BB8FEC]
	(No symbol) [0x00007FF738BB9C21]
	GetHandleVerifier [0x00007FF73904413D+3217821]
	GetHandleVerifier [0x00007FF7390860D7+3488055]
	GetHandleVerifier [0x00007FF73907F05F+3459263]
	GetHandleVerifier [0x00007FF738DFB866+823494]
	(No symbol) [0x00007FF738CC5FBF]
	(No symbol) [0x00007FF738CC0EE4]
	(No symbol) [0x00007FF738CC1072]
	(No symbol) [0x00007FF738CB18C4]
	BaseThreadInitThunk [0x00007FFB61DB257D+29]
	RtlUserThreadStart [0x00007FFB63D2AA48+40]
</status>
</test>
<test id="s1-t7" name="TC_001_001_014-006 - Kontrola funkcie `Play-back speed` a nastavenie rýchlosti prehrávania na 0.5" line="68">
<kw name="Button interaction" owner="keywords">
<kw name="Wait Until Element Is Visible" owner="SeleniumLibrary">
<msg time="2024-05-05T17:31:40.444837" level="FAIL">NoSuchWindowException: Message: no such window: target window already closed
from unknown error: web view not found
  (Session info: chrome=124.0.6367.119)
Stacktrace:
	GetHandleVerifier [0x00007FF738D41522+60802]
	(No symbol) [0x00007FF738CBAC22]
	(No symbol) [0x00007FF738B77CE4]
	(No symbol) [0x00007FF738B4DFDF]
	(No symbol) [0x00007FF738BF1E57]
	(No symbol) [0x00007FF738C098D1]
	(No symbol) [0x00007FF738BEA923]
	(No symbol) [0x00007FF738BB8FEC]
	(No symbol) [0x00007FF738BB9C21]
	GetHandleVerifier [0x00007FF73904413D+3217821]
	GetHandleVerifier [0x00007FF7390860D7+3488055]
	GetHandleVerifier [0x00007FF73907F05F+3459263]
	GetHandleVerifier [0x00007FF738DFB866+823494]
	(No symbol) [0x00007FF738CC5FBF]
	(No symbol) [0x00007FF738CC0EE4]
	(No symbol) [0x00007FF738CC1072]
	(No symbol) [0x00007FF738CB18C4]
	BaseThreadInitThunk [0x00007FFB61DB257D+29]
	RtlUserThreadStart [0x00007FFB63D2AA48+40]
</msg>
<arg>${BUTTON}</arg>
<arg>15 seconds</arg>
<doc>Waits until the element ``locator`` is visible.</doc>
<status status="FAIL" start="2024-05-05T17:31:40.441823" elapsed="0.006002">NoSuchWindowException: Message: no such window: target window already closed
from unknown error: web view not found
  (Session info: chrome=124.0.6367.119)
Stacktrace:
	GetHandleVerifier [0x00007FF738D41522+60802]
	(No symbol) [0x00007FF738CBAC22]
	(No symbol) [0x00007FF738B77CE4]
	(No symbol) [0x00007FF738B4DFDF]
	(No symbol) [0x00007FF738BF1E57]
	(No symbol) [0x00007FF738C098D1]
	(No symbol) [0x00007FF738BEA923]
	(No symbol) [0x00007FF738BB8FEC]
	(No symbol) [0x00007FF738BB9C21]
	GetHandleVerifier [0x00007FF73904413D+3217821]
	GetHandleVerifier [0x00007FF7390860D7+3488055]
	GetHandleVerifier [0x00007FF73907F05F+3459263]
	GetHandleVerifier [0x00007FF738DFB866+823494]
	(No symbol) [0x00007FF738CC5FBF]
	(No symbol) [0x00007FF738CC0EE4]
	(No symbol) [0x00007FF738CC1072]
	(No symbol) [0x00007FF738CB18C4]
	BaseThreadInitThunk [0x00007FFB61DB257D+29]
	RtlUserThreadStart [0x00007FFB63D2AA48+40]
</status>
</kw>
<kw name="Set Selenium Speed" owner="SeleniumLibrary">
<arg>0.2</arg>
<doc>Sets the delay that is waited after each Selenium command.</doc>
<status status="NOT RUN" start="2024-05-05T17:31:40.449458" elapsed="0.000000"/>
</kw>
<kw name="Click Element" owner="SeleniumLibrary">
<arg>${BUTTON}</arg>
<doc>Click the element identified by ``locator``.</doc>
<status status="NOT RUN" start="2024-05-05T17:31:40.450354" elapsed="0.000000"/>
</kw>
<kw name="Set Selenium Speed" owner="SeleniumLibrary">
<arg>0</arg>
<doc>Sets the delay that is waited after each Selenium command.</doc>
<status status="NOT RUN" start="2024-05-05T17:31:40.450354" elapsed="0.000000"/>
</kw>
<arg>${BUTTON_Video_Settings}</arg>
<status status="FAIL" start="2024-05-05T17:31:40.440814" elapsed="0.009540">NoSuchWindowException: Message: no such window: target window already closed
from unknown error: web view not found
  (Session info: chrome=124.0.6367.119)
Stacktrace:
	GetHandleVerifier [0x00007FF738D41522+60802]
	(No symbol) [0x00007FF738CBAC22]
	(No symbol) [0x00007FF738B77CE4]
	(No symbol) [0x00007FF738B4DFDF]
	(No symbol) [0x00007FF738BF1E57]
	(No symbol) [0x00007FF738C098D1]
	(No symbol) [0x00007FF738BEA923]
	(No symbol) [0x00007FF738BB8FEC]
	(No symbol) [0x00007FF738BB9C21]
	GetHandleVerifier [0x00007FF73904413D+3217821]
	GetHandleVerifier [0x00007FF7390860D7+3488055]
	GetHandleVerifier [0x00007FF73907F05F+3459263]
	GetHandleVerifier [0x00007FF738DFB866+823494]
	(No symbol) [0x00007FF738CC5FBF]
	(No symbol) [0x00007FF738CC0EE4]
	(No symbol) [0x00007FF738CC1072]
	(No symbol) [0x00007FF738CB18C4]
	BaseThreadInitThunk [0x00007FFB61DB257D+29]
	RtlUserThreadStart [0x00007FFB63D2AA48+40]
</status>
</kw>
<kw name="Set Selenium Speed" owner="SeleniumLibrary">
<arg>1</arg>
<doc>Sets the delay that is waited after each Selenium command.</doc>
<status status="NOT RUN" start="2024-05-05T17:31:40.451351" elapsed="0.000000"/>
</kw>
<kw name="Click Element" owner="SeleniumLibrary">
<arg>${DIV_Video_PlayBackSpeed}</arg>
<doc>Click the element identified by ``locator``.</doc>
<status status="NOT RUN" start="2024-05-05T17:31:40.452361" elapsed="0.000000"/>
</kw>
<kw name="Click Element" owner="SeleniumLibrary">
<arg>${DIV_Video_PlayBackSpeed_05}</arg>
<doc>Click the element identified by ``locator``.</doc>
<status status="NOT RUN" start="2024-05-05T17:31:40.453365" elapsed="0.000000"/>
</kw>
<kw name="Set Selenium Speed" owner="SeleniumLibrary">
<arg>0</arg>
<doc>Sets the delay that is waited after each Selenium command.</doc>
<status status="NOT RUN" start="2024-05-05T17:31:40.454362" elapsed="0.000000"/>
</kw>
<kw name="Get time from span YT video" owner="keywords">
<var>${time_before}</var>
<arg>${SPAN_TimeCurrent}</arg>
<doc>Get time from span element</doc>
<status status="NOT RUN" start="2024-05-05T17:31:40.455363" elapsed="0.000000"/>
</kw>
<kw name="Sleep" owner="BuiltIn">
<arg>4s</arg>
<doc>Pauses the test executed for the given time.</doc>
<status status="NOT RUN" start="2024-05-05T17:31:40.455363" elapsed="0.000998"/>
</kw>
<kw name="Get time from span YT video" owner="keywords">
<var>${time_after}</var>
<arg>${SPAN_TimeCurrent}</arg>
<doc>Get time from span element</doc>
<status status="NOT RUN" start="2024-05-05T17:31:40.457364" elapsed="0.000000"/>
</kw>
<kw name="Subtract" owner="keywords">
<var>${time_diff}</var>
<arg>${time_after}</arg>
<arg>${time_before}</arg>
<doc>Subtract two values</doc>
<status status="NOT RUN" start="2024-05-05T17:31:40.458362" elapsed="0.000000"/>
</kw>
<kw name="Log" owner="BuiltIn">
<arg>${time_diff}</arg>
<doc>Logs the given message with the given level.</doc>
<status status="NOT RUN" start="2024-05-05T17:31:40.459867" elapsed="0.000000"/>
</kw>
<kw name="Should Be Equal As Numbers" owner="BuiltIn">
<arg>${time_diff}</arg>
<arg>2</arg>
<doc>Fails if objects are unequal after converting them to real numbers.</doc>
<status status="NOT RUN" start="2024-05-05T17:31:40.460877" elapsed="0.000000"/>
</kw>
<status status="FAIL" start="2024-05-05T17:31:40.439292" elapsed="0.022599">NoSuchWindowException: Message: no such window: target window already closed
from unknown error: web view not found
  (Session info: chrome=124.0.6367.119)
Stacktrace:
	GetHandleVerifier [0x00007FF738D41522+60802]
	(No symbol) [0x00007FF738CBAC22]
	(No symbol) [0x00007FF738B77CE4]
	(No symbol) [0x00007FF738B4DFDF]
	(No symbol) [0x00007FF738BF1E57]
	(No symbol) [0x00007FF738C098D1]
	(No symbol) [0x00007FF738BEA923]
	(No symbol) [0x00007FF738BB8FEC]
	(No symbol) [0x00007FF738BB9C21]
	GetHandleVerifier [0x00007FF73904413D+3217821]
	GetHandleVerifier [0x00007FF7390860D7+3488055]
	GetHandleVerifier [0x00007FF73907F05F+3459263]
	GetHandleVerifier [0x00007FF738DFB866+823494]
	(No symbol) [0x00007FF738CC5FBF]
	(No symbol) [0x00007FF738CC0EE4]
	(No symbol) [0x00007FF738CC1072]
	(No symbol) [0x00007FF738CB18C4]
	BaseThreadInitThunk [0x00007FFB61DB257D+29]
	RtlUserThreadStart [0x00007FFB63D2AA48+40]
</status>
</test>
<test id="s1-t8" name="TC_001_001_014-007 - Kontrola funkcie `Full-screen` a minimalizoavanie" line="82">
<kw name="Button interaction" owner="keywords">
<kw name="Wait Until Element Is Visible" owner="SeleniumLibrary">
<msg time="2024-05-05T17:31:40.475437" level="FAIL">NoSuchWindowException: Message: no such window: target window already closed
from unknown error: web view not found
  (Session info: chrome=124.0.6367.119)
Stacktrace:
	GetHandleVerifier [0x00007FF738D41522+60802]
	(No symbol) [0x00007FF738CBAC22]
	(No symbol) [0x00007FF738B77CE4]
	(No symbol) [0x00007FF738B4DFDF]
	(No symbol) [0x00007FF738BF1E57]
	(No symbol) [0x00007FF738C098D1]
	(No symbol) [0x00007FF738BEA923]
	(No symbol) [0x00007FF738BB8FEC]
	(No symbol) [0x00007FF738BB9C21]
	GetHandleVerifier [0x00007FF73904413D+3217821]
	GetHandleVerifier [0x00007FF7390860D7+3488055]
	GetHandleVerifier [0x00007FF73907F05F+3459263]
	GetHandleVerifier [0x00007FF738DFB866+823494]
	(No symbol) [0x00007FF738CC5FBF]
	(No symbol) [0x00007FF738CC0EE4]
	(No symbol) [0x00007FF738CC1072]
	(No symbol) [0x00007FF738CB18C4]
	BaseThreadInitThunk [0x00007FFB61DB257D+29]
	RtlUserThreadStart [0x00007FFB63D2AA48+40]
</msg>
<arg>${BUTTON}</arg>
<arg>15 seconds</arg>
<doc>Waits until the element ``locator`` is visible.</doc>
<status status="FAIL" start="2024-05-05T17:31:40.472438" elapsed="0.007007">NoSuchWindowException: Message: no such window: target window already closed
from unknown error: web view not found
  (Session info: chrome=124.0.6367.119)
Stacktrace:
	GetHandleVerifier [0x00007FF738D41522+60802]
	(No symbol) [0x00007FF738CBAC22]
	(No symbol) [0x00007FF738B77CE4]
	(No symbol) [0x00007FF738B4DFDF]
	(No symbol) [0x00007FF738BF1E57]
	(No symbol) [0x00007FF738C098D1]
	(No symbol) [0x00007FF738BEA923]
	(No symbol) [0x00007FF738BB8FEC]
	(No symbol) [0x00007FF738BB9C21]
	GetHandleVerifier [0x00007FF73904413D+3217821]
	GetHandleVerifier [0x00007FF7390860D7+3488055]
	GetHandleVerifier [0x00007FF73907F05F+3459263]
	GetHandleVerifier [0x00007FF738DFB866+823494]
	(No symbol) [0x00007FF738CC5FBF]
	(No symbol) [0x00007FF738CC0EE4]
	(No symbol) [0x00007FF738CC1072]
	(No symbol) [0x00007FF738CB18C4]
	BaseThreadInitThunk [0x00007FFB61DB257D+29]
	RtlUserThreadStart [0x00007FFB63D2AA48+40]
</status>
</kw>
<kw name="Set Selenium Speed" owner="SeleniumLibrary">
<arg>0.2</arg>
<doc>Sets the delay that is waited after each Selenium command.</doc>
<status status="NOT RUN" start="2024-05-05T17:31:40.479954" elapsed="0.000000"/>
</kw>
<kw name="Click Element" owner="SeleniumLibrary">
<arg>${BUTTON}</arg>
<doc>Click the element identified by ``locator``.</doc>
<status status="NOT RUN" start="2024-05-05T17:31:40.479954" elapsed="0.000000"/>
</kw>
<kw name="Set Selenium Speed" owner="SeleniumLibrary">
<arg>0</arg>
<doc>Sets the delay that is waited after each Selenium command.</doc>
<status status="NOT RUN" start="2024-05-05T17:31:40.480965" elapsed="0.000000"/>
</kw>
<arg>${BUTTON_Video_FullScreen}</arg>
<status status="FAIL" start="2024-05-05T17:31:40.471427" elapsed="0.010550">NoSuchWindowException: Message: no such window: target window already closed
from unknown error: web view not found
  (Session info: chrome=124.0.6367.119)
Stacktrace:
	GetHandleVerifier [0x00007FF738D41522+60802]
	(No symbol) [0x00007FF738CBAC22]
	(No symbol) [0x00007FF738B77CE4]
	(No symbol) [0x00007FF738B4DFDF]
	(No symbol) [0x00007FF738BF1E57]
	(No symbol) [0x00007FF738C098D1]
	(No symbol) [0x00007FF738BEA923]
	(No symbol) [0x00007FF738BB8FEC]
	(No symbol) [0x00007FF738BB9C21]
	GetHandleVerifier [0x00007FF73904413D+3217821]
	GetHandleVerifier [0x00007FF7390860D7+3488055]
	GetHandleVerifier [0x00007FF73907F05F+3459263]
	GetHandleVerifier [0x00007FF738DFB866+823494]
	(No symbol) [0x00007FF738CC5FBF]
	(No symbol) [0x00007FF738CC0EE4]
	(No symbol) [0x00007FF738CC1072]
	(No symbol) [0x00007FF738CB18C4]
	BaseThreadInitThunk [0x00007FFB61DB257D+29]
	RtlUserThreadStart [0x00007FFB63D2AA48+40]
</status>
</kw>
<kw name="Element Attribute Value Should Be" owner="SeleniumLibrary">
<arg>${BUTTON_Video_FullScreen}</arg>
<arg>${VALUE_AttributeTitle}</arg>
<arg>${VALUE_ExitFullscreen}</arg>
<doc>Verifies element identified by ``locator`` contains expected attribute value.</doc>
<status status="NOT RUN" start="2024-05-05T17:31:40.481977" elapsed="0.001000"/>
</kw>
<kw name="Button interaction" owner="keywords">
<arg>${BUTTON_Video_FullScreen}</arg>
<status status="NOT RUN" start="2024-05-05T17:31:40.482977" elapsed="0.000999"/>
</kw>
<kw name="Element Attribute Value Should Be" owner="SeleniumLibrary">
<arg>${BUTTON_Video_FullScreen}</arg>
<arg>${VALUE_AttributeTitle}</arg>
<arg>${VALUE_FullScreen}</arg>
<doc>Verifies element identified by ``locator`` contains expected attribute value.</doc>
<status status="NOT RUN" start="2024-05-05T17:31:40.483976" elapsed="0.000000"/>
</kw>
<status status="FAIL" start="2024-05-05T17:31:40.469416" elapsed="0.015559">NoSuchWindowException: Message: no such window: target window already closed
from unknown error: web view not found
  (Session info: chrome=124.0.6367.119)
Stacktrace:
	GetHandleVerifier [0x00007FF738D41522+60802]
	(No symbol) [0x00007FF738CBAC22]
	(No symbol) [0x00007FF738B77CE4]
	(No symbol) [0x00007FF738B4DFDF]
	(No symbol) [0x00007FF738BF1E57]
	(No symbol) [0x00007FF738C098D1]
	(No symbol) [0x00007FF738BEA923]
	(No symbol) [0x00007FF738BB8FEC]
	(No symbol) [0x00007FF738BB9C21]
	GetHandleVerifier [0x00007FF73904413D+3217821]
	GetHandleVerifier [0x00007FF7390860D7+3488055]
	GetHandleVerifier [0x00007FF73907F05F+3459263]
	GetHandleVerifier [0x00007FF738DFB866+823494]
	(No symbol) [0x00007FF738CC5FBF]
	(No symbol) [0x00007FF738CC0EE4]
	(No symbol) [0x00007FF738CC1072]
	(No symbol) [0x00007FF738CB18C4]
	BaseThreadInitThunk [0x00007FFB61DB257D+29]
	RtlUserThreadStart [0x00007FFB63D2AA48+40]
</status>
</test>
<test id="s1-t9" name="TC_001_001_014-008 - Kontrola tlačítka `Quality` a zmena kvality na 144p" line="89">
<kw name="Set Selenium Speed" owner="SeleniumLibrary">
<arg>0.5</arg>
<doc>Sets the delay that is waited after each Selenium command.</doc>
<status status="PASS" start="2024-05-05T17:31:40.493502" elapsed="0.000510"/>
</kw>
<kw name="Mouse Over" owner="SeleniumLibrary">
<msg time="2024-05-05T17:31:40.496026" level="INFO">Simulating Mouse Over on element '//*[@id="movie_player"]/div[1]/video'.</msg>
<msg time="2024-05-05T17:31:40.498027" level="FAIL">NoSuchWindowException: Message: no such window: target window already closed
from unknown error: web view not found
  (Session info: chrome=124.0.6367.119)
Stacktrace:
	GetHandleVerifier [0x00007FF738D41522+60802]
	(No symbol) [0x00007FF738CBAC22]
	(No symbol) [0x00007FF738B77CE4]
	(No symbol) [0x00007FF738B4DFDF]
	(No symbol) [0x00007FF738BF1E57]
	(No symbol) [0x00007FF738C098D1]
	(No symbol) [0x00007FF738BEA923]
	(No symbol) [0x00007FF738BB8FEC]
	(No symbol) [0x00007FF738BB9C21]
	GetHandleVerifier [0x00007FF73904413D+3217821]
	GetHandleVerifier [0x00007FF7390860D7+3488055]
	GetHandleVerifier [0x00007FF73907F05F+3459263]
	GetHandleVerifier [0x00007FF738DFB866+823494]
	(No symbol) [0x00007FF738CC5FBF]
	(No symbol) [0x00007FF738CC0EE4]
	(No symbol) [0x00007FF738CC1072]
	(No symbol) [0x00007FF738CB18C4]
	BaseThreadInitThunk [0x00007FFB61DB257D+29]
	RtlUserThreadStart [0x00007FFB63D2AA48+40]
</msg>
<arg>${VIDEO_TvKrakovany}</arg>
<doc>Simulates hovering the mouse over the element ``locator``.</doc>
<status status="FAIL" start="2024-05-05T17:31:40.495025" elapsed="0.006520">NoSuchWindowException: Message: no such window: target window already closed
from unknown error: web view not found
  (Session info: chrome=124.0.6367.119)
Stacktrace:
	GetHandleVerifier [0x00007FF738D41522+60802]
	(No symbol) [0x00007FF738CBAC22]
	(No symbol) [0x00007FF738B77CE4]
	(No symbol) [0x00007FF738B4DFDF]
	(No symbol) [0x00007FF738BF1E57]
	(No symbol) [0x00007FF738C098D1]
	(No symbol) [0x00007FF738BEA923]
	(No symbol) [0x00007FF738BB8FEC]
	(No symbol) [0x00007FF738BB9C21]
	GetHandleVerifier [0x00007FF73904413D+3217821]
	GetHandleVerifier [0x00007FF7390860D7+3488055]
	GetHandleVerifier [0x00007FF73907F05F+3459263]
	GetHandleVerifier [0x00007FF738DFB866+823494]
	(No symbol) [0x00007FF738CC5FBF]
	(No symbol) [0x00007FF738CC0EE4]
	(No symbol) [0x00007FF738CC1072]
	(No symbol) [0x00007FF738CB18C4]
	BaseThreadInitThunk [0x00007FFB61DB257D+29]
	RtlUserThreadStart [0x00007FFB63D2AA48+40]
</status>
</kw>
<kw name="Button interaction" owner="keywords">
<arg>${BUTTON_Video_Play}</arg>
<status status="NOT RUN" start="2024-05-05T17:31:40.502554" elapsed="0.000000"/>
</kw>
<kw name="Button interaction" owner="keywords">
<arg>${DIV_MoviePlayer}</arg>
<status status="NOT RUN" start="2024-05-05T17:31:40.503566" elapsed="0.000000"/>
</kw>
<kw name="Button interaction" owner="keywords">
<arg>${DIV_Video_Quality}</arg>
<status status="NOT RUN" start="2024-05-05T17:31:40.504558" elapsed="0.000999"/>
</kw>
<kw name="Button interaction" owner="keywords">
<arg>${DIV_Video_Quality_144}</arg>
<status status="NOT RUN" start="2024-05-05T17:31:40.505557" elapsed="0.001012"/>
</kw>
<kw name="Button interaction" owner="keywords">
<arg>${DIV_MoviePlayer}</arg>
<status status="NOT RUN" start="2024-05-05T17:31:40.507556" elapsed="0.000000"/>
</kw>
<kw name="Wait Until Element Is Visible" owner="SeleniumLibrary">
<arg>${SPAN_Quality}</arg>
<arg>30s</arg>
<doc>Waits until the element ``locator`` is visible.</doc>
<status status="NOT RUN" start="2024-05-05T17:31:40.509072" elapsed="0.001015"/>
</kw>
<kw name="Get Text" owner="SeleniumLibrary">
<var>${text}</var>
<arg>${SPAN_Quality}</arg>
<doc>Returns the text value of the element identified by ``locator``.</doc>
<status status="NOT RUN" start="2024-05-05T17:31:40.516107" elapsed="0.000998"/>
</kw>
<kw name="Set Selenium Speed" owner="SeleniumLibrary">
<arg>0</arg>
<doc>Sets the delay that is waited after each Selenium command.</doc>
<status status="NOT RUN" start="2024-05-05T17:31:40.519102" elapsed="0.000000"/>
</kw>
<kw name="Log" owner="BuiltIn">
<arg>${text}</arg>
<doc>Logs the given message with the given level.</doc>
<status status="NOT RUN" start="2024-05-05T17:31:40.520625" elapsed="0.000000"/>
</kw>
<kw name="Should Be Equal" owner="BuiltIn">
<arg>${text}</arg>
<arg>${VALUE_144p}</arg>
<doc>Fails if the given objects are unequal.</doc>
<status status="NOT RUN" start="2024-05-05T17:31:40.521626" elapsed="0.000000"/>
</kw>
<status status="FAIL" start="2024-05-05T17:31:40.492502" elapsed="0.031138">NoSuchWindowException: Message: no such window: target window already closed
from unknown error: web view not found
  (Session info: chrome=124.0.6367.119)
Stacktrace:
	GetHandleVerifier [0x00007FF738D41522+60802]
	(No symbol) [0x00007FF738CBAC22]
	(No symbol) [0x00007FF738B77CE4]
	(No symbol) [0x00007FF738B4DFDF]
	(No symbol) [0x00007FF738BF1E57]
	(No symbol) [0x00007FF738C098D1]
	(No symbol) [0x00007FF738BEA923]
	(No symbol) [0x00007FF738BB8FEC]
	(No symbol) [0x00007FF738BB9C21]
	GetHandleVerifier [0x00007FF73904413D+3217821]
	GetHandleVerifier [0x00007FF7390860D7+3488055]
	GetHandleVerifier [0x00007FF73907F05F+3459263]
	GetHandleVerifier [0x00007FF738DFB866+823494]
	(No symbol) [0x00007FF738CC5FBF]
	(No symbol) [0x00007FF738CC0EE4]
	(No symbol) [0x00007FF738CC1072]
	(No symbol) [0x00007FF738CB18C4]
	BaseThreadInitThunk [0x00007FFB61DB257D+29]
	RtlUserThreadStart [0x00007FFB63D2AA48+40]
</status>
</test>
<test id="s1-t10" name="Post-conditions" line="104">
<kw name="Close" owner="keywords">
<kw name="Sleep" owner="BuiltIn">
<msg time="2024-05-05T17:31:40.734354" level="INFO">Slept 200 milliseconds.</msg>
<arg>200ms</arg>
<doc>Pauses the test executed for the given time.</doc>
<status status="PASS" start="2024-05-05T17:31:40.534181" elapsed="0.200173"/>
</kw>
<kw name="Close Browser" owner="SeleniumLibrary">
<doc>Closes the current browser.</doc>
<status status="PASS" start="2024-05-05T17:31:40.734860" elapsed="2.586121"/>
</kw>
<status status="PASS" start="2024-05-05T17:31:40.533186" elapsed="2.787795"/>
</kw>
<status status="PASS" start="2024-05-05T17:31:40.532182" elapsed="2.790798"/>
</test>
<status status="FAIL" start="2024-05-05T17:31:28.357912" elapsed="14.969091"/>
</suite>
<statistics>
<total>
<stat pass="4" fail="6" skip="0">All Tests</stat>
</total>
<tag>
</tag>
<suite>
<stat pass="4" fail="6" skip="0" id="s1" name="TS 001 001 014">TS 001 001 014</stat>
</suite>
</statistics>
<errors>
</errors>
</robot>
